# JRE version: OpenJDK Runtime Environment (8.0_191-b12) (build 1.8.0_191-8u191-b12-2ubuntu0.18.04.1-b12)
# Java VM: OpenJDK 64-Bit Server VM (25.191-b12 mixed mode linux-amd64 compressed oops)
Heap:
 PSYoungGen      total 266240K, used 10208K [0x000000076df00000, 0x000000077ed00000, 0x00000007c0000000)
  eden space 256000K, 0% used [0x000000076df00000,0x000000076df00000,0x000000077d900000)
  from space 10240K, 99% used [0x000000077d900000,0x000000077e2f8010,0x000000077e300000)
  to   space 10240K, 0% used [0x000000077e300000,0x000000077e300000,0x000000077ed00000)
 ParOldGen       total 169472K, used 77104K [0x00000006c9c00000, 0x00000006d4180000, 0x000000076df00000)
  object space 169472K, 45% used [0x00000006c9c00000,0x00000006ce74c2a0,0x00000006d4180000)
 Metaspace       used 5082K, capacity 5688K, committed 6016K, reserved 1056768K
  class space    used 524K, capacity 552K, committed 640K, reserved 1048576K
GC Heap History (9 events):
Event: 0.478 GC heap before
{Heap before GC invocations=1 (full 0):
 PSYoungGen      total 74240K, used 64000K [0x000000076df00000, 0x0000000773180000, 0x00000007c0000000)
  eden space 64000K, 100% used [0x000000076df00000,0x0000000771d80000,0x0000000771d80000)
  from space 10240K, 0% used [0x0000000772780000,0x0000000772780000,0x0000000773180000)
  to   space 10240K, 0% used [0x0000000771d80000,0x0000000771d80000,0x0000000772780000)
 ParOldGen       total 169472K, used 0K [0x00000006c9c00000, 0x00000006d4180000, 0x000000076df00000)
  object space 169472K, 0% used [0x00000006c9c00000,0x00000006c9c00000,0x00000006d4180000)
 Metaspace       used 3866K, capacity 5176K, committed 5376K, reserved 1056768K
  class space    used 405K, capacity 488K, committed 512K, reserved 1048576K
Event: 0.490 GC heap after
Heap after GC invocations=1 (full 0):
 PSYoungGen      total 74240K, used 10231K [0x000000076df00000, 0x0000000777000000, 0x00000007c0000000)
  eden space 64000K, 0% used [0x000000076df00000,0x000000076df00000,0x0000000771d80000)
  from space 10240K, 99% used [0x0000000771d80000,0x000000077277dca0,0x0000000772780000)
  to   space 10240K, 0% used [0x0000000776600000,0x0000000776600000,0x0000000777000000)
 ParOldGen       total 169472K, used 5499K [0x00000006c9c00000, 0x00000006d4180000, 0x000000076df00000)
  object space 169472K, 3% used [0x00000006c9c00000,0x00000006ca15ec38,0x00000006d4180000)
 Metaspace       used 3866K, capacity 5176K, committed 5376K, reserved 1056768K
  class space    used 405K, capacity 488K, committed 512K, reserved 1048576K
}
Event: 0.961 GC heap before
{Heap before GC invocations=2 (full 0):
 PSYoungGen      total 74240K, used 74231K [0x000000076df00000, 0x0000000777000000, 0x00000007c0000000)
  eden space 64000K, 100% used [0x000000076df00000,0x0000000771d80000,0x0000000771d80000)
  from space 10240K, 99% used [0x0000000771d80000,0x000000077277dca0,0x0000000772780000)
  to   space 10240K, 0% used [0x0000000776600000,0x0000000776600000,0x0000000777000000)
 ParOldGen       total 169472K, used 5499K [0x00000006c9c00000, 0x00000006d4180000, 0x000000076df00000)
  object space 169472K, 3% used [0x00000006c9c00000,0x00000006ca15ec38,0x00000006d4180000)
 Metaspace       used 5073K, capacity 5688K, committed 6016K, reserved 1056768K
  class space    used 524K, capacity 552K, committed 640K, reserved 1048576K
Event: 0.990 GC heap after
Heap after GC invocations=2 (full 0):
 PSYoungGen      total 138240K, used 10231K [0x000000076df00000, 0x0000000777000000, 0x00000007c0000000)
  eden space 128000K, 0% used [0x000000076df00000,0x000000076df00000,0x0000000775c00000)
  from space 10240K, 99% used [0x0000000776600000,0x0000000776ffdcc0,0x0000000777000000)
  to   space 10240K, 0% used [0x0000000775c00000,0x0000000775c00000,0x0000000776600000)
 ParOldGen       total 169472K, used 32569K [0x00000006c9c00000, 0x00000006d4180000, 0x000000076df00000)
  object space 169472K, 19% used [0x00000006c9c00000,0x00000006cbbce530,0x00000006d4180000)
 Metaspace       used 5073K, capacity 5688K, committed 6016K, reserved 1056768K
  class space    used 524K, capacity 552K, committed 640K, reserved 1048576K
}
Event: 1.330 GC heap before
{Heap before GC invocations=3 (full 0):
 PSYoungGen      total 138240K, used 138231K [0x000000076df00000, 0x0000000777000000, 0x00000007c0000000)
  eden space 128000K, 100% used [0x000000076df00000,0x0000000775c00000,0x0000000775c00000)
  from space 10240K, 99% used [0x0000000776600000,0x0000000776ffdcc0,0x0000000777000000)
  to   space 10240K, 0% used [0x0000000775c00000,0x0000000775c00000,0x0000000776600000)
 ParOldGen       total 169472K, used 32569K [0x00000006c9c00000, 0x00000006d4180000, 0x000000076df00000)
  object space 169472K, 19% used [0x00000006c9c00000,0x00000006cbbce530,0x00000006d4180000)
 Metaspace       used 5075K, capacity 5688K, committed 6016K, reserved 1056768K
  class space    used 524K, capacity 552K, committed 640K, reserved 1048576K
Event: 1.366 GC heap after
Heap after GC invocations=3 (full 0):
 PSYoungGen      total 138240K, used 10208K [0x000000076df00000, 0x000000077ed00000, 0x00000007c0000000)
  eden space 128000K, 0% used [0x000000076df00000,0x000000076df00000,0x0000000775c00000)
  from space 10240K, 99% used [0x0000000775c00000,0x00000007765f8020,0x0000000776600000)
  to   space 10240K, 0% used [0x000000077e300000,0x000000077e300000,0x000000077ed00000)
 ParOldGen       total 169472K, used 43704K [0x00000006c9c00000, 0x00000006d4180000, 0x000000076df00000)
  object space 169472K, 25% used [0x00000006c9c00000,0x00000006cc6ae1d0,0x00000006d4180000)
 Metaspace       used 5075K, capacity 5688K, committed 6016K, reserved 1056768K
  class space    used 524K, capacity 552K, committed 640K, reserved 1048576K
}
Event: 1.633 GC heap before
{Heap before GC invocations=4 (full 0):
 PSYoungGen      total 138240K, used 138208K [0x000000076df00000, 0x000000077ed00000, 0x00000007c0000000)
  eden space 128000K, 100% used [0x000000076df00000,0x0000000775c00000,0x0000000775c00000)
  from space 10240K, 99% used [0x0000000775c00000,0x00000007765f8020,0x0000000776600000)
  to   space 10240K, 0% used [0x000000077e300000,0x000000077e300000,0x000000077ed00000)
 ParOldGen       total 169472K, used 43704K [0x00000006c9c00000, 0x00000006d4180000, 0x000000076df00000)
  object space 169472K, 25% used [0x00000006c9c00000,0x00000006cc6ae1d0,0x00000006d4180000)
 Metaspace       used 5075K, capacity 5688K, committed 6016K, reserved 1056768K
  class space    used 524K, capacity 552K, committed 640K, reserved 1048576K
Event: 1.668 GC heap after
Heap after GC invocations=4 (full 0):
 PSYoungGen      total 266240K, used 10208K [0x000000076df00000, 0x000000077ed00000, 0x00000007c0000000)
  eden space 256000K, 0% used [0x000000076df00000,0x000000076df00000,0x000000077d900000)
  from space 10240K, 99% used [0x000000077e300000,0x000000077ecf8010,0x000000077ed00000)
  to   space 10240K, 0% used [0x000000077d900000,0x000000077d900000,0x000000077e300000)
 ParOldGen       total 169472K, used 54788K [0x00000006c9c00000, 0x00000006d4180000, 0x000000076df00000)
  object space 169472K, 32% used [0x00000006c9c00000,0x00000006cd181240,0x00000006d4180000)
 Metaspace       used 5075K, capacity 5688K, committed 6016K, reserved 1056768K
  class space    used 524K, capacity 552K, committed 640K, reserved 1048576K
}
Event: 2.269 GC heap before
{Heap before GC invocations=5 (full 0):
 PSYoungGen      total 266240K, used 266208K [0x000000076df00000, 0x000000077ed00000, 0x00000007c0000000)
  eden space 256000K, 100% used [0x000000076df00000,0x000000077d900000,0x000000077d900000)
  from space 10240K, 99% used [0x000000077e300000,0x000000077ecf8010,0x000000077ed00000)
  to   space 10240K, 0% used [0x000000077d900000,0x000000077d900000,0x000000077e300000)
 ParOldGen       total 169472K, used 54788K [0x00000006c9c00000, 0x00000006d4180000, 0x000000076df00000)
  object space 169472K, 32% used [0x00000006c9c00000,0x00000006cd181240,0x00000006d4180000)
 Metaspace       used 5082K, capacity 5688K, committed 6016K, reserved 1056768K
  class space    used 524K, capacity 552K, committed 640K, reserved 1048576K

